-------------------------------------------------------------------------------
There are messages associated with the following module(s):
-------------------------------------------------------------------------------

cuda/11.1.1:
   Warning - This module has been deprecated and is scheduled for removal.
   Please transition to a module from the production pool instead.

-------------------------------------------------------------------------------

rm: cannot remove 'mpi_sum.txt': No such file or directory
n = 500, simulation time = 0.403861 seconds
n = 500, simulation time = 0.40582 seconds
n = 500, simulation time = 0.210921 seconds
n = 500, simulation time = 0.133154 seconds
n = 500, simulation time = 0.08952 seconds
n = 500, simulation time = 0.048909 seconds
n = 1000, simulation time = 0.806024 seconds
n = 2000, simulation time = 1.63657 seconds
n = 4000, simulation time = 3.2449 seconds
n = 8000, simulation time = 6.62878 seconds

Strong scaling estimates are :
    1.00    1.91    3.03    4.51    8.26 (speedup)
    1.00    0.96    0.76    0.56    0.52 (efficiency)    for
       1       2       4       8      16 threads/processors

Average strong scaling efficiency:    0.76 

Weak scaling estimates are :
    1.00    0.50    0.25    0.12    0.06 (efficiency)    for
       1       2       4       8      16 threads/processors

Average weak scaling efficiency:    0.39 


mpi Grade =   77.18

